<?xml version="1.0" encoding="UTF-8" ?>
<testsuite errors="0" failures="0" hostname="localhost.localdomain" name="UITestCases.test.Checktext" skipped="0" tests="1" time="14.881" timestamp="2018-08-17T15:58:13">
  <properties>
    <property name="java.vendor" value="Oracle Corporation" />
    <property name="env.SELINUX_USE_CURRENT_RANGE" value="" />
    <property name="env.LESSOPEN" value="||/usr/bin/lesspipe.sh %s" />
    <property name="sun.java.launcher" value="SUN_STANDARD" />
    <property name="sun.management.compiler" value="HotSpot 64-Bit Tiered Compilers" />
    <property name="os.name" value="Linux" />
    <property name="sun.boot.class.path" value="/usr/lib/jvm/java-1.8.0-openjdk-1.8.0.181-3.b13.el7_5.x86_64/jre/lib/resources.jar:/usr/lib/jvm/java-1.8.0-openjdk-1.8.0.181-3.b13.el7_5.x86_64/jre/lib/rt.jar:/usr/lib/jvm/java-1.8.0-openjdk-1.8.0.181-3.b13.el7_5.x86_64/jre/lib/sunrsasign.jar:/usr/lib/jvm/java-1.8.0-openjdk-1.8.0.181-3.b13.el7_5.x86_64/jre/lib/jsse.jar:/usr/lib/jvm/java-1.8.0-openjdk-1.8.0.181-3.b13.el7_5.x86_64/jre/lib/jce.jar:/usr/lib/jvm/java-1.8.0-openjdk-1.8.0.181-3.b13.el7_5.x86_64/jre/lib/charsets.jar:/usr/lib/jvm/java-1.8.0-openjdk-1.8.0.181-3.b13.el7_5.x86_64/jre/lib/jfr.jar:/usr/lib/jvm/java-1.8.0-openjdk-1.8.0.181-3.b13.el7_5.x86_64/jre/classes" />
    <property name="env.PWD" value="/home/vagrant/test1/WhackaPodUIAuto" />
    <property name="env.LANG" value="en_US.UTF-8" />
    <property name="java.vm.specification.vendor" value="Oracle Corporation" />
    <property name="ant.home" value="/usr/share/ant" />
    <property name="java.runtime.version" value="1.8.0_181-b13" />
    <property name="env.HISTSIZE" value="1000" />
    <property name="user.name" value="vagrant" />
    <property name="env.USER" value="vagrant" />
    <property name="env.HISTCONTROL" value="ignoredups" />
    <property name="env.SHELL" value="/bin/bash" />
    <property name="env.SSH_TTY" value="/dev/pts/0" />
    <property name="ant.file.type.WhackaPodUIAuto" value="file" />
    <property name="env.PATH" value="/usr/local/bin:/usr/bin:/usr/local/sbin:/usr/sbin:/home/vagrant/.local/bin:/home/vagrant/bin" />
    <property name="user.language" value="en" />
    <property name="sun.boot.library.path" value="/usr/lib/jvm/java-1.8.0-openjdk-1.8.0.181-3.b13.el7_5.x86_64/jre/lib/amd64" />
    <property name="env.SSH_CONNECTION" value="10.0.2.2 15912 10.0.2.15 22" />
    <property name="ant.project.default-target" value="Checktext" />
    <property name="ant.project.name" value="WhackaPodUIAuto" />
    <property name="java.version" value="1.8.0_181" />
    <property name="env.SSH_CLIENT" value="10.0.2.2 15912 22" />
    <property name="user.timezone" value="" />
    <property name="sun.arch.data.model" value="64" />
    <property name="env.SELINUX_ROLE_REQUESTED" value="" />
    <property name="java.endorsed.dirs" value="/usr/lib/jvm/java-1.8.0-openjdk-1.8.0.181-3.b13.el7_5.x86_64/jre/lib/endorsed" />
    <property name="sun.cpu.isalist" value="" />
    <property name="sun.jnu.encoding" value="UTF-8" />
    <property name="file.encoding.pkg" value="sun.io" />
    <property name="env.SHLVL" value="1" />
    <property name="file.separator" value="/" />
    <property name="env.HOSTNAME" value="localhost.localdomain" />
    <property name="java.specification.name" value="Java Platform API Specification" />
    <property name="java.class.version" value="52.0" />
    <property name="user.country" value="US" />
    <property name="java.home" value="/usr/lib/jvm/java-1.8.0-openjdk-1.8.0.181-3.b13.el7_5.x86_64/jre" />
    <property name="java.vm.info" value="mixed mode" />
    <property name="env.LOGNAME" value="vagrant" />
    <property name="ant.file" value="/home/vagrant/test1/WhackaPodUIAuto/checkbuild.xml" />
    <property name="os.version" value="4.1.12-124.14.1.el7uek.x86_64" />
    <property name="path.separator" value=":" />
    <property name="java.vm.version" value="25.181-b13" />
    <property name="ant.library.dir" value="/usr/share/ant/lib" />
    <property name="junit.output.dir" value="junit" />
    <property name="java.awt.printerjob" value="sun.print.PSPrinterJob" />
    <property name="env.TERM" value="cygwin" />
    <property name="sun.io.unicode.encoding" value="UnicodeLittle" />
    <property name="awt.toolkit" value="sun.awt.X11.XToolkit" />
    <property name="user.home" value="/home/vagrant" />
    <property name="target" value="1.7" />
    <property name="java.specification.vendor" value="Oracle Corporation" />
    <property name="java.library.path" value="/usr/java/packages/lib/amd64:/usr/lib64:/lib64:/lib:/usr/lib" />
    <property name="java.vendor.url" value="http://java.oracle.com/" />
    <property name="java.vm.vendor" value="Oracle Corporation" />
    <property name="java.runtime.name" value="OpenJDK Runtime Environment" />
    <property name="sun.java.command" value="org.apache.tools.ant.taskdefs.optional.junit.JUnitTestRunner UITestCases.test.Checktext filtertrace=true haltOnError=false haltOnFailure=false formatter=org.apache.tools.ant.taskdefs.optional.junit.OutErrSummaryJUnitResultFormatter showoutput=false outputtoformatters=true logfailedtests=true logtestlistenerevents=false formatter=org.apache.tools.ant.taskdefs.optional.junit.XMLJUnitResultFormatter,/home/vagrant/test1/WhackaPodUIAuto/junit/TEST-UITestCases.test.Checktext.xml crashfile=/home/vagrant/test1/WhackaPodUIAuto/junitvmwatcher3173575661685366032.properties propsfile=/home/vagrant/test1/WhackaPodUIAuto/junit4648577788422292612.properties" />
    <property name="java.class.path" value="/home/vagrant/test1/WhackaPodUIAuto/bin:/home/vagrant/test1/WhackaPodUIAuto/lib/hamcrest-core-1.3.jar:/home/vagrant/test1/WhackaPodUIAuto/lib/hamcrest-core-1.3-javadoc.jar:/home/vagrant/test1/WhackaPodUIAuto/lib/hamcrest-core-1.3-sources.jar:/home/vagrant/test1/WhackaPodUIAuto/lib/junit-4.11.jar:/home/vagrant/test1/WhackaPodUIAuto/lib/junit-4.11-javadoc.jar:/home/vagrant/test1/WhackaPodUIAuto/lib/junit-4.11-sources.jar:/home/vagrant/test1/WhackaPodUIAuto/lib/jsch-0.1.51.jar:/home/vagrant/test1/WhackaPodUIAuto/lib/log4j-1.2.17.jar:/home/vagrant/test1/WhackaPodUIAuto/lib/ganymed-ssh2.jar:/home/vagrant/test1/WhackaPodUIAuto/lib/java-json.jar:/home/vagrant/test1/WhackaPodUIAuto/lib/javacsv-2.0.jar:/home/vagrant/test1/WhackaPodUIAuto/lib/jsoup-1.10.2.jar:/home/vagrant/test1/WhackaPodUIAuto/lib/selenium-server-standalone-3.3.1.jar:/home/vagrant/test1/WhackaPodUIAuto/lib/mysql-connector-java-5.1.42-bin.jar:/home/vagrant/test1/WhackaPodUIAuto/lib/oracle.http_client_11.1.1.jar:/home/vagrant/test1/WhackaPodUIAuto/lib/org.codehaus.jackson.core.asl_1.0.0.0_1-8-3.jar:/home/vagrant/test1/WhackaPodUIAuto/lib/org.codehaus.jackson.mapper.asl_1.0.0.0_1-8-3.jar:/usr/share/java/junit.jar:/usr/share/java/ant/ant-launcher.jar:/usr/share/java/ant/ant.jar:/usr/share/java/ant/ant-junit.jar:/usr/share/java/ant/ant-junit4.jar" />
    <property name="ant.version" value="Apache Ant(TM) version 1.9.2 compiled on April 30 2014" />
    <property name="env.XDG_SESSION_ID" value="2" />
    <property name="java.vm.specification.name" value="Java Virtual Machine Specification" />
    <property name="ant.file.type" value="file" />
    <property name="java.vm.specification.version" value="1.8" />
    <property name="sun.cpu.endian" value="little" />
    <property name="sun.os.patch.level" value="unknown" />
    <property name="debuglevel" value="source,lines,vars" />
    <property name="env.HOME" value="/home/vagrant" />
    <property name="java.io.tmpdir" value="/tmp" />
    <property name="env.LS_COLORS" value="rs=0:di=01;34:ln=01;36:mh=00:pi=40;33:so=01;35:do=01;35:bd=40;33;01:cd=40;33;01:or=40;31;01:mi=01;05;37;41:su=37;41:sg=30;43:ca=30;41:tw=30;42:ow=34;42:st=37;44:ex=01;32:*.tar=01;31:*.tgz=01;31:*.arc=01;31:*.arj=01;31:*.taz=01;31:*.lha=01;31:*.lz4=01;31:*.lzh=01;31:*.lzma=01;31:*.tlz=01;31:*.txz=01;31:*.tzo=01;31:*.t7z=01;31:*.zip=01;31:*.z=01;31:*.Z=01;31:*.dz=01;31:*.gz=01;31:*.lrz=01;31:*.lz=01;31:*.lzo=01;31:*.xz=01;31:*.bz2=01;31:*.bz=01;31:*.tbz=01;31:*.tbz2=01;31:*.tz=01;31:*.deb=01;31:*.rpm=01;31:*.jar=01;31:*.war=01;31:*.ear=01;31:*.sar=01;31:*.rar=01;31:*.alz=01;31:*.ace=01;31:*.zoo=01;31:*.cpio=01;31:*.7z=01;31:*.rz=01;31:*.cab=01;31:*.jpg=01;35:*.jpeg=01;35:*.gif=01;35:*.bmp=01;35:*.pbm=01;35:*.pgm=01;35:*.ppm=01;35:*.tga=01;35:*.xbm=01;35:*.xpm=01;35:*.tif=01;35:*.tiff=01;35:*.png=01;35:*.svg=01;35:*.svgz=01;35:*.mng=01;35:*.pcx=01;35:*.mov=01;35:*.mpg=01;35:*.mpeg=01;35:*.m2v=01;35:*.mkv=01;35:*.webm=01;35:*.ogm=01;35:*.mp4=01;35:*.m4v=01;35:*.mp4v=01;35:*.vob=01;35:*.qt=01;35:*.nuv=01;35:*.wmv=01;35:*.asf=01;35:*.rm=01;35:*.rmvb=01;35:*.flc=01;35:*.avi=01;35:*.fli=01;35:*.flv=01;35:*.gl=01;35:*.dl=01;35:*.xcf=01;35:*.xwd=01;35:*.yuv=01;35:*.cgm=01;35:*.emf=01;35:*.axv=01;35:*.anx=01;35:*.ogv=01;35:*.ogx=01;35:*.aac=01;36:*.au=01;36:*.flac=01;36:*.mid=01;36:*.midi=01;36:*.mka=01;36:*.mp3=01;36:*.mpc=01;36:*.ogg=01;36:*.ra=01;36:*.wav=01;36:*.axa=01;36:*.oga=01;36:*.spx=01;36:*.xspf=01;36:" />
    <property name="java.vendor.url.bug" value="http://bugreport.sun.com/bugreport/" />
    <property name="os.arch" value="amd64" />
    <property name="java.awt.graphicsenv" value="sun.awt.X11GraphicsEnvironment" />
    <property name="env.XDG_RUNTIME_DIR" value="/run/user/1000" />
    <property name="java.ext.dirs" value="/usr/lib/jvm/java-1.8.0-openjdk-1.8.0.181-3.b13.el7_5.x86_64/jre/lib/ext:/usr/java/packages/lib/ext" />
    <property name="user.dir" value="/home/vagrant/test1/WhackaPodUIAuto" />
    <property name="line.separator" value="&#xa;" />
    <property name="java.vm.name" value="OpenJDK 64-Bit Server VM" />
    <property name="basedir" value="/home/vagrant/test1/WhackaPodUIAuto" />
    <property name="ant.file.WhackaPodUIAuto" value="/home/vagrant/test1/WhackaPodUIAuto/checkbuild.xml" />
    <property name="ant.java.version" value="1.8" />
    <property name="env.SELINUX_LEVEL_REQUESTED" value="" />
    <property name="ant.core.lib" value="/usr/share/java/ant/ant.jar" />
    <property name="source" value="1.7" />
    <property name="file.encoding" value="UTF-8" />
    <property name="env.MAIL" value="/var/spool/mail/vagrant" />
    <property name="java.specification.version" value="1.8" />
    <property name="ant.project.invoked-targets" value="Checktext" />
  </properties>
  <testcase classname="UITestCases.test.Checktext" name="test" time="11.8" />
  <system-out><![CDATA[15:58:13.804 [main] framework.global.Configuration.init(Configuration.java:56)evel Configuration Initializing...
15:58:13.841 [main] framework.global.Configuration.parseXML(Configuration.java:720)evel Reading server and Hardware info...
15:58:13.843 [main] framework.global.Configuration.parseXML(Configuration.java:750)evel ServerConfig.xml is parsed successfully.
15:58:13.844 [main] framework.global.Configuration.getlibrarydata(Configuration.java:833)evel Set SrvConfig successfully.
15:58:14.016 [main] framework.global.Configuration.init(Configuration.java:56)evel Configuration Initializing...
15:58:14.029 [main] framework.global.Configuration.parseXML(Configuration.java:720)evel Reading server and Hardware info...
15:58:14.029 [main] framework.global.Configuration.parseXML(Configuration.java:750)evel ServerConfig.xml is parsed successfully.
15:58:14.030 [main] framework.global.Configuration.getlibrarydata(Configuration.java:833)evel Set SrvConfig successfully.
15:58:14.031 [main] UITestCases.test.Checktext.setUpBeforeClass(Checktext.java:36)evel Checktext:
15:58:17.101 [main] UITestCases.test.Checktext.test(Checktext.java:54)evel Open the Oracle Microservice Development Toolkit application page:
15:58:20.653 [main] UITestCases.test.Checktext.test(Checktext.java:58)evel text: Hello from Oracle Microservice Development Toolkit!
Hello from Oracle Microservice Development Toolkit!15:58:28.771 [main] UITestCases.test.Checktext.test(Checktext.java:72)evel assert: true
]]></system-out>
  <system-err><![CDATA[Starting ChromeDriver 2.40.565383 (76257d1ab79276b2d53ee976b2c3e3b9f335cde7) on port 28958
Only local connections are allowed.
Aug 17, 2018 3:58:13 PM org.openqa.selenium.remote.ProtocolHandshake createSession
INFO: Detected dialect: OSS
]]></system-err>
</testsuite>
